2024-06-11T07:07:30.833Z | INFO   | Server started in PORT | 3001
2024-06-11T07:07:30.890Z | INFO   | DB Connection Established
2024-06-11T07:09:29.679Z | INFO   | API HIT : [POST] /api/expense/v1/user
2024-06-11T07:09:29.729Z | ERROR  | URL : /api/expense/v1/user | staus : 400 | message: No expense present for the user
2024-06-11T07:09:29.754Z | INFO   | API HIT : [POST] /api/group/v1/user
2024-06-11T07:09:41.258Z | INFO   | API HIT : [POST] /api/group/v1/user
2024-06-11T07:09:43.365Z | INFO   | API HIT : [GET] /api/users/v1/emailList
2024-06-11T07:09:45.672Z | INFO   | API HIT : [POST] /api/expense/v1/user
2024-06-11T07:09:45.674Z | ERROR  | URL : /api/expense/v1/user | staus : 400 | message: No expense present for the user
2024-06-11T07:09:45.927Z | INFO   | API HIT : [POST] /api/group/v1/user
2024-06-11T07:10:59.100Z | INFO   | API HIT : [POST] /api/users/v1/register
2024-06-11T07:10:59.585Z | INFO   | API HIT : [POST] /api/users/v1/login
2024-06-11T07:11:00.832Z | INFO   | API HIT : [POST] /api/expense/v1/user
2024-06-11T07:11:00.837Z | ERROR  | URL : /api/expense/v1/user | staus : 400 | message: No expense present for the user
2024-06-11T07:11:00.878Z | INFO   | API HIT : [POST] /api/group/v1/user
2024-06-11T07:11:07.044Z | INFO   | API HIT : [POST] /api/group/v1/user
2024-06-11T07:11:09.115Z | INFO   | API HIT : [GET] /api/users/v1/emailList
2024-06-11T07:11:30.039Z | INFO   | API HIT : [POST] /api/group/v1/add
2024-06-11T07:11:30.831Z | INFO   | API HIT : [POST] /api/group/v1/view
2024-06-11T07:11:30.869Z | INFO   | API HIT : [POST] /api/expense/v1/group
2024-06-11T07:11:30.872Z | ERROR  | URL : /api/expense/v1/group | staus : 400 | message: No expense present for the group
2024-06-11T07:11:54.532Z | INFO   | API HIT : [POST] /api/group/v1/settlement
2024-06-11T07:11:58.273Z | INFO   | API HIT : [POST] /api/group/v1/view
2024-06-11T07:12:26.844Z | INFO   | API HIT : [POST] /api/expense/v1/add
2024-06-11T07:12:27.631Z | INFO   | API HIT : [POST] /api/group/v1/view
2024-06-11T07:12:27.666Z | INFO   | API HIT : [POST] /api/expense/v1/group
2024-06-11T07:12:28.049Z | INFO   | API HIT : [POST] /api/expense/v1/group/categoryExp
2024-06-11T07:12:28.052Z | INFO   | API HIT : [POST] /api/expense/v1/group/monthlyExp
2024-06-11T07:12:28.167Z | INFO   | API HIT : [POST] /api/expense/v1/group/dailyExp
2024-06-11T07:12:36.604Z | INFO   | API HIT : [POST] /api/group/v1/settlement
2024-06-11T07:12:39.839Z | INFO   | API HIT : [POST] /api/expense/v1/group/categoryExp
2024-06-11T07:12:39.841Z | INFO   | API HIT : [POST] /api/expense/v1/group/monthlyExp
2024-06-11T07:12:40.104Z | INFO   | API HIT : [POST] /api/expense/v1/group/dailyExp
2024-06-11T07:12:44.425Z | INFO   | API HIT : [GET] /api/users/v1/emailList
2024-06-11T07:12:47.133Z | INFO   | API HIT : [POST] /api/expense/v1/user
2024-06-11T07:12:47.401Z | INFO   | API HIT : [POST] /api/group/v1/user
2024-06-11T07:12:47.450Z | INFO   | API HIT : [POST] /api/expense/v1/user/monthlyExp
2024-06-11T07:12:47.752Z | INFO   | API HIT : [POST] /api/group/v1/user
2024-06-11T07:12:47.754Z | INFO   | API HIT : [POST] /api/expense/v1/user/recent
2024-06-11T07:12:47.756Z | INFO   | API HIT : [POST] /api/expense/v1/user/categoryExp
2024-06-11T07:12:47.757Z | INFO   | API HIT : [POST] /api/expense/v1/user/dailyExp
2024-06-11T07:12:57.803Z | INFO   | API HIT : [POST] /api/expense/v1/view
2024-06-11T07:12:58.154Z | INFO   | API HIT : [POST] /api/group/v1/view
2024-06-11T07:13:03.445Z | INFO   | API HIT : [POST] /api/expense/v1/user
2024-06-11T07:13:03.772Z | INFO   | API HIT : [POST] /api/group/v1/user
2024-06-11T07:13:04.037Z | INFO   | API HIT : [POST] /api/expense/v1/user/monthlyExp
2024-06-11T07:13:04.100Z | INFO   | API HIT : [POST] /api/group/v1/user
2024-06-11T07:13:04.115Z | INFO   | API HIT : [POST] /api/expense/v1/user/recent
2024-06-11T07:13:04.118Z | INFO   | API HIT : [POST] /api/expense/v1/user/categoryExp
2024-06-11T07:13:04.120Z | INFO   | API HIT : [POST] /api/expense/v1/user/dailyExp
2024-06-11T07:13:07.132Z | INFO   | API HIT : [POST] /api/group/v1/user
2024-06-11T07:13:18.788Z | INFO   | API HIT : [POST] /api/group/v1/view
2024-06-11T07:13:19.105Z | INFO   | API HIT : [POST] /api/expense/v1/group
2024-06-11T07:13:19.371Z | INFO   | API HIT : [POST] /api/expense/v1/group/categoryExp
2024-06-11T07:13:19.453Z | INFO   | API HIT : [POST] /api/expense/v1/group/monthlyExp
2024-06-11T07:13:19.467Z | INFO   | API HIT : [POST] /api/expense/v1/group/dailyExp
2024-06-11T07:13:32.236Z | INFO   | API HIT : [POST] /api/expense/v1/user
2024-06-11T07:13:32.483Z | INFO   | API HIT : [POST] /api/group/v1/user
2024-06-11T07:13:32.560Z | INFO   | API HIT : [POST] /api/expense/v1/user/monthlyExp
2024-06-11T07:13:32.835Z | INFO   | API HIT : [POST] /api/group/v1/user
2024-06-11T07:13:32.839Z | INFO   | API HIT : [POST] /api/expense/v1/user/recent
2024-06-11T07:13:32.841Z | INFO   | API HIT : [POST] /api/expense/v1/user/categoryExp
2024-06-11T07:13:32.843Z | INFO   | API HIT : [POST] /api/expense/v1/user/dailyExp
2024-06-11T07:13:49.807Z | INFO   | API HIT : [POST] /api/users/v1/view
2024-06-11T07:13:54.572Z | INFO   | API HIT : [POST] /api/expense/v1/user
2024-06-11T07:13:54.833Z | INFO   | API HIT : [POST] /api/group/v1/user
2024-06-11T07:13:54.896Z | INFO   | API HIT : [POST] /api/expense/v1/user/monthlyExp
2024-06-11T07:13:55.168Z | INFO   | API HIT : [POST] /api/group/v1/user
2024-06-11T07:13:55.169Z | INFO   | API HIT : [POST] /api/expense/v1/user/recent
2024-06-11T07:13:55.171Z | INFO   | API HIT : [POST] /api/expense/v1/user/categoryExp
2024-06-11T07:13:55.172Z | INFO   | API HIT : [POST] /api/expense/v1/user/dailyExp
2024-06-11T07:14:02.089Z | INFO   | API HIT : [GET] /api/users/v1/emailList
2024-06-11T07:14:03.948Z | INFO   | API HIT : [POST] /api/group/v1/user
2024-06-11T07:14:05.580Z | INFO   | API HIT : [POST] /api/group/v1/view
2024-06-11T07:14:05.896Z | INFO   | API HIT : [POST] /api/expense/v1/group
2024-06-11T07:14:06.161Z | INFO   | API HIT : [POST] /api/expense/v1/group/categoryExp
2024-06-11T07:14:06.243Z | INFO   | API HIT : [POST] /api/expense/v1/group/monthlyExp
2024-06-11T07:14:06.253Z | INFO   | API HIT : [POST] /api/expense/v1/group/dailyExp
2024-06-11T07:15:04.249Z | INFO   | API HIT : [POST] /api/users/v1/register
2024-06-11T07:15:04.694Z | INFO   | API HIT : [POST] /api/users/v1/login
2024-06-11T07:15:05.255Z | INFO   | API HIT : [POST] /api/expense/v1/user
2024-06-11T07:15:05.262Z | ERROR  | URL : /api/expense/v1/user | staus : 400 | message: No expense present for the user
2024-06-11T07:15:05.279Z | INFO   | API HIT : [POST] /api/group/v1/user
2024-06-11T07:15:09.286Z | INFO   | API HIT : [POST] /api/group/v1/user
2024-06-11T07:15:10.960Z | INFO   | API HIT : [GET] /api/users/v1/emailList
2024-06-11T07:15:34.850Z | INFO   | API HIT : [POST] /api/group/v1/add
2024-06-11T07:15:35.570Z | INFO   | API HIT : [POST] /api/group/v1/view
2024-06-11T07:15:35.609Z | INFO   | API HIT : [POST] /api/expense/v1/group
2024-06-11T07:15:35.612Z | ERROR  | URL : /api/expense/v1/group | staus : 400 | message: No expense present for the group
2024-06-11T07:15:43.245Z | INFO   | API HIT : [POST] /api/group/v1/view
2024-06-11T07:15:56.691Z | INFO   | API HIT : [POST] /api/expense/v1/add
2024-06-11T07:15:57.390Z | INFO   | API HIT : [POST] /api/group/v1/view
2024-06-11T07:15:57.429Z | INFO   | API HIT : [POST] /api/expense/v1/group
2024-06-11T07:15:57.815Z | INFO   | API HIT : [POST] /api/expense/v1/group/categoryExp
2024-06-11T07:15:57.817Z | INFO   | API HIT : [POST] /api/expense/v1/group/monthlyExp
2024-06-11T07:15:57.874Z | INFO   | API HIT : [POST] /api/expense/v1/group/dailyExp
2024-06-11T07:16:29.404Z | INFO   | API HIT : [GET] /api/users/v1/emailList
2024-06-11T07:16:31.718Z | INFO   | API HIT : [POST] /api/group/v1/user
2024-06-11T07:16:40.387Z | INFO   | API HIT : [POST] /api/expense/v1/user
2024-06-11T07:16:40.726Z | INFO   | API HIT : [POST] /api/group/v1/user
2024-06-11T07:16:40.993Z | INFO   | API HIT : [POST] /api/expense/v1/user/monthlyExp
2024-06-11T07:16:41.079Z | INFO   | API HIT : [POST] /api/group/v1/user
2024-06-11T07:16:41.081Z | INFO   | API HIT : [POST] /api/expense/v1/user/recent
2024-06-11T07:16:41.083Z | INFO   | API HIT : [POST] /api/expense/v1/user/categoryExp
2024-06-11T07:16:41.084Z | INFO   | API HIT : [POST] /api/expense/v1/user/dailyExp
2024-06-11T07:16:49.090Z | INFO   | API HIT : [DELETE] /api/expense/v1/delete
2024-06-11T07:16:51.598Z | INFO   | API HIT : [POST] /api/expense/v1/user
2024-06-11T07:16:51.600Z | ERROR  | URL : /api/expense/v1/user | staus : 400 | message: No expense present for the user
2024-06-11T07:16:51.643Z | INFO   | API HIT : [POST] /api/group/v1/user
2024-06-11T07:16:51.989Z | INFO   | API HIT : [POST] /api/expense/v1/user/monthlyExp
2024-06-11T07:16:52.011Z | INFO   | API HIT : [POST] /api/group/v1/user
2024-06-11T07:16:52.014Z | INFO   | API HIT : [POST] /api/expense/v1/user/recent
2024-06-11T07:16:52.015Z | INFO   | API HIT : [POST] /api/expense/v1/user/categoryExp
2024-06-11T07:16:52.017Z | ERROR  | URL : /api/expense/v1/user/recent | staus : 400 | message: No expense present for the user
2024-06-11T07:16:52.018Z | INFO   | API HIT : [POST] /api/expense/v1/user/dailyExp
2024-06-11T07:17:45.888Z | INFO   | API HIT : [POST] /api/users/v1/register
2024-06-11T07:17:46.154Z | INFO   | API HIT : [POST] /api/users/v1/login
2024-06-11T07:17:46.599Z | INFO   | API HIT : [POST] /api/expense/v1/user
2024-06-11T07:17:46.603Z | ERROR  | URL : /api/expense/v1/user | staus : 400 | message: No expense present for the user
2024-06-11T07:17:46.930Z | INFO   | API HIT : [POST] /api/group/v1/user
2024-06-11T07:17:55.660Z | INFO   | API HIT : [GET] /api/users/v1/emailList
2024-06-11T07:18:15.353Z | INFO   | API HIT : [POST] /api/users/v1/login
2024-06-11T07:18:16.065Z | INFO   | API HIT : [POST] /api/expense/v1/user
2024-06-11T07:18:16.092Z | INFO   | API HIT : [POST] /api/group/v1/user
2024-06-11T07:18:16.443Z | INFO   | API HIT : [POST] /api/expense/v1/user/monthlyExp
2024-06-11T07:18:16.445Z | INFO   | API HIT : [POST] /api/group/v1/user
2024-06-11T07:18:16.447Z | INFO   | API HIT : [POST] /api/expense/v1/user/recent
2024-06-11T07:18:16.450Z | INFO   | API HIT : [POST] /api/expense/v1/user/categoryExp
2024-06-11T07:18:16.489Z | INFO   | API HIT : [POST] /api/expense/v1/user/dailyExp
2024-06-11T07:18:19.738Z | INFO   | API HIT : [POST] /api/group/v1/user
2024-06-11T07:18:21.439Z | INFO   | API HIT : [POST] /api/expense/v1/user
2024-06-11T07:18:21.453Z | INFO   | API HIT : [POST] /api/group/v1/user
2024-06-11T07:18:21.804Z | INFO   | API HIT : [POST] /api/expense/v1/user/monthlyExp
2024-06-11T07:18:21.805Z | INFO   | API HIT : [POST] /api/group/v1/user
2024-06-11T07:18:21.807Z | INFO   | API HIT : [POST] /api/expense/v1/user/recent
2024-06-11T07:18:21.808Z | INFO   | API HIT : [POST] /api/expense/v1/user/categoryExp
2024-06-11T07:18:22.063Z | INFO   | API HIT : [POST] /api/expense/v1/user/dailyExp
2024-06-11T07:18:27.294Z | INFO   | API HIT : [DELETE] /api/expense/v1/delete
2024-06-11T07:18:27.900Z | INFO   | API HIT : [POST] /api/expense/v1/user
2024-06-11T07:18:27.903Z | ERROR  | URL : /api/expense/v1/user | staus : 400 | message: No expense present for the user
2024-06-11T07:18:27.928Z | INFO   | API HIT : [POST] /api/group/v1/user
2024-06-11T07:18:28.257Z | INFO   | API HIT : [POST] /api/expense/v1/user/monthlyExp
2024-06-11T07:18:28.269Z | INFO   | API HIT : [POST] /api/group/v1/user
2024-06-11T07:18:28.303Z | INFO   | API HIT : [POST] /api/expense/v1/user/recent
2024-06-11T07:18:28.306Z | INFO   | API HIT : [POST] /api/expense/v1/user/categoryExp
2024-06-11T07:18:28.308Z | INFO   | API HIT : [POST] /api/expense/v1/user/dailyExp
2024-06-11T07:18:28.310Z | ERROR  | URL : /api/expense/v1/user/recent | staus : 400 | message: No expense present for the user
2024-06-11T07:18:30.492Z | INFO   | API HIT : [POST] /api/group/v1/user
2024-06-11T07:18:34.416Z | INFO   | API HIT : [GET] /api/users/v1/emailList
2024-06-11T07:18:35.842Z | INFO   | API HIT : [POST] /api/group/v1/user
2024-06-11T07:18:39.006Z | INFO   | API HIT : [POST] /api/group/v1/view
2024-06-11T07:18:39.323Z | INFO   | API HIT : [POST] /api/expense/v1/group
2024-06-11T07:18:39.325Z | ERROR  | URL : /api/expense/v1/group | staus : 400 | message: No expense present for the group
2024-06-11T07:18:44.814Z | INFO   | API HIT : [POST] /api/expense/v1/user
2024-06-11T07:18:44.819Z | ERROR  | URL : /api/expense/v1/user | staus : 400 | message: No expense present for the user
2024-06-11T07:18:45.181Z | INFO   | API HIT : [POST] /api/group/v1/user
2024-06-11T07:18:45.428Z | INFO   | API HIT : [POST] /api/expense/v1/user/monthlyExp
2024-06-11T07:18:45.509Z | INFO   | API HIT : [POST] /api/group/v1/user
2024-06-11T07:18:45.511Z | INFO   | API HIT : [POST] /api/expense/v1/user/recent
2024-06-11T07:18:45.514Z | INFO   | API HIT : [POST] /api/expense/v1/user/categoryExp
2024-06-11T07:18:45.516Z | INFO   | API HIT : [POST] /api/expense/v1/user/dailyExp
2024-06-11T07:18:45.517Z | ERROR  | URL : /api/expense/v1/user/recent | staus : 400 | message: No expense present for the user
2024-06-11T07:18:47.655Z | INFO   | API HIT : [GET] /api/users/v1/emailList
2024-06-11T07:18:49.281Z | INFO   | API HIT : [POST] /api/group/v1/user
2024-06-11T07:18:56.539Z | INFO   | API HIT : [POST] /api/group/v1/view
2024-06-11T07:18:56.804Z | INFO   | API HIT : [POST] /api/expense/v1/group
2024-06-11T07:18:56.806Z | ERROR  | URL : /api/expense/v1/group | staus : 400 | message: No expense present for the group
2024-06-11T07:19:01.028Z | INFO   | API HIT : [GET] /api/users/v1/emailList
2024-06-11T07:19:01.357Z | INFO   | API HIT : [POST] /api/group/v1/view
2024-06-11T07:19:05.789Z | INFO   | API HIT : [POST] /api/group/v1/view
2024-06-11T07:19:06.121Z | INFO   | API HIT : [POST] /api/expense/v1/group
2024-06-11T07:19:06.123Z | ERROR  | URL : /api/expense/v1/group | staus : 400 | message: No expense present for the group
2024-06-11T07:19:09.681Z | INFO   | API HIT : [GET] /api/users/v1/emailList
2024-06-11T07:19:42.955Z | INFO   | API HIT : [POST] /api/group/v1/add
2024-06-11T07:19:43.585Z | INFO   | API HIT : [POST] /api/group/v1/view
2024-06-11T07:19:43.627Z | INFO   | API HIT : [POST] /api/expense/v1/group
2024-06-11T07:19:43.631Z | ERROR  | URL : /api/expense/v1/group | staus : 400 | message: No expense present for the group
2024-06-11T07:19:46.834Z | INFO   | API HIT : [POST] /api/group/v1/view
2024-06-11T07:20:04.307Z | INFO   | API HIT : [POST] /api/expense/v1/add
2024-06-11T07:20:04.950Z | INFO   | API HIT : [POST] /api/group/v1/view
2024-06-11T07:20:04.975Z | INFO   | API HIT : [POST] /api/expense/v1/group
2024-06-11T07:20:05.352Z | INFO   | API HIT : [POST] /api/expense/v1/group/categoryExp
2024-06-11T07:20:05.354Z | INFO   | API HIT : [POST] /api/expense/v1/group/monthlyExp
2024-06-11T07:20:05.369Z | INFO   | API HIT : [POST] /api/expense/v1/group/dailyExp
2024-06-11T07:20:32.022Z | INFO   | API HIT : [POST] /api/group/v1/view
2024-06-11T07:20:45.728Z | INFO   | API HIT : [POST] /api/expense/v1/add
2024-06-11T07:20:46.280Z | INFO   | API HIT : [POST] /api/group/v1/view
2024-06-11T07:20:46.314Z | INFO   | API HIT : [POST] /api/expense/v1/group
2024-06-11T07:20:46.700Z | INFO   | API HIT : [POST] /api/expense/v1/group/categoryExp
2024-06-11T07:20:46.702Z | INFO   | API HIT : [POST] /api/expense/v1/group/monthlyExp
2024-06-11T07:20:46.727Z | INFO   | API HIT : [POST] /api/expense/v1/group/dailyExp
2024-06-11T07:20:52.839Z | INFO   | API HIT : [POST] /api/group/v1/view
2024-06-11T07:21:49.071Z | INFO   | API HIT : [POST] /api/expense/v1/add
2024-06-11T07:21:49.870Z | INFO   | API HIT : [POST] /api/group/v1/view
2024-06-11T07:21:49.915Z | INFO   | API HIT : [POST] /api/expense/v1/group
2024-06-11T07:21:50.318Z | INFO   | API HIT : [POST] /api/expense/v1/group/categoryExp
2024-06-11T07:21:50.320Z | INFO   | API HIT : [POST] /api/expense/v1/group/monthlyExp
2024-06-11T07:21:50.349Z | INFO   | API HIT : [POST] /api/expense/v1/group/dailyExp
2024-06-11T07:21:56.417Z | INFO   | API HIT : [GET] /api/users/v1/emailList
2024-06-11T07:21:56.751Z | INFO   | API HIT : [POST] /api/group/v1/view
2024-06-11T07:22:10.192Z | INFO   | API HIT : [POST] /api/group/v1/edit
2024-06-11T07:22:10.814Z | INFO   | API HIT : [POST] /api/group/v1/view
2024-06-11T07:22:10.846Z | INFO   | API HIT : [POST] /api/expense/v1/group
2024-06-11T07:22:11.224Z | INFO   | API HIT : [POST] /api/expense/v1/group/categoryExp
2024-06-11T07:22:11.225Z | INFO   | API HIT : [POST] /api/expense/v1/group/monthlyExp
2024-06-11T07:22:11.249Z | INFO   | API HIT : [POST] /api/expense/v1/group/dailyExp
2024-06-11T07:22:47.102Z | INFO   | API HIT : [GET] /api/users/v1/emailList
2024-06-11T07:22:49.344Z | INFO   | API HIT : [POST] /api/expense/v1/user
2024-06-11T07:22:49.608Z | INFO   | API HIT : [POST] /api/group/v1/user
2024-06-11T07:22:49.672Z | INFO   | API HIT : [POST] /api/expense/v1/user/monthlyExp
2024-06-11T07:22:49.961Z | INFO   | API HIT : [POST] /api/group/v1/user
2024-06-11T07:22:49.964Z | INFO   | API HIT : [POST] /api/expense/v1/user/recent
2024-06-11T07:22:49.966Z | INFO   | API HIT : [POST] /api/expense/v1/user/categoryExp
2024-06-11T07:22:49.970Z | INFO   | API HIT : [POST] /api/expense/v1/user/dailyExp
2024-06-11T07:23:06.153Z | INFO   | API HIT : [POST] /api/group/v1/user
2024-06-11T07:23:27.771Z | INFO   | API HIT : [GET] /api/users/v1/emailList
2024-06-11T07:23:39.880Z | INFO   | API HIT : [POST] /api/users/v1/view
2024-06-11T07:24:02.703Z | INFO   | API HIT : [DELETE] /api/users/v1/delete
2024-06-11T07:24:34.859Z | INFO   | API HIT : [POST] /api/users/v1/login
2024-06-11T07:24:35.589Z | INFO   | API HIT : [POST] /api/expense/v1/user
2024-06-11T07:24:35.621Z | INFO   | API HIT : [POST] /api/group/v1/user
2024-06-11T07:24:35.983Z | INFO   | API HIT : [POST] /api/expense/v1/user/monthlyExp
2024-06-11T07:24:35.986Z | INFO   | API HIT : [POST] /api/group/v1/user
2024-06-11T07:24:35.987Z | INFO   | API HIT : [POST] /api/expense/v1/user/recent
2024-06-11T07:24:35.989Z | INFO   | API HIT : [POST] /api/expense/v1/user/categoryExp
2024-06-11T07:24:36.013Z | INFO   | API HIT : [POST] /api/expense/v1/user/dailyExp
2024-06-11T07:24:45.950Z | INFO   | API HIT : [POST] /api/group/v1/user
2024-06-11T07:24:55.625Z | INFO   | API HIT : [POST] /api/group/v1/view
2024-06-11T07:24:55.957Z | INFO   | API HIT : [POST] /api/expense/v1/group
2024-06-11T07:24:56.224Z | INFO   | API HIT : [POST] /api/expense/v1/group/categoryExp
2024-06-11T07:24:56.302Z | INFO   | API HIT : [POST] /api/expense/v1/group/monthlyExp
2024-06-11T07:24:56.315Z | INFO   | API HIT : [POST] /api/expense/v1/group/dailyExp
2024-06-11T07:25:07.856Z | INFO   | API HIT : [POST] /api/group/v1/user
2024-06-11T07:25:09.876Z | INFO   | API HIT : [POST] /api/group/v1/view
2024-06-11T07:25:10.198Z | INFO   | API HIT : [POST] /api/expense/v1/group
2024-06-11T07:25:10.200Z | ERROR  | URL : /api/expense/v1/group | staus : 400 | message: No expense present for the group
2024-06-11T07:25:22.658Z | INFO   | API HIT : [POST] /api/group/v1/view
2024-06-11T07:25:27.898Z | INFO   | API HIT : [POST] /api/group/v1/user
2024-06-11T07:25:38.462Z | INFO   | API HIT : [GET] /api/users/v1/emailList
2024-06-11T07:25:41.195Z | INFO   | API HIT : [POST] /api/group/v1/user
2024-06-11T07:25:44.846Z | INFO   | API HIT : [GET] /api/users/v1/emailList
2024-06-11T07:25:47.128Z | INFO   | API HIT : [POST] /api/expense/v1/user
2024-06-11T07:25:47.392Z | INFO   | API HIT : [POST] /api/group/v1/user
2024-06-11T07:25:47.453Z | INFO   | API HIT : [POST] /api/expense/v1/user/monthlyExp
2024-06-11T07:25:47.726Z | INFO   | API HIT : [POST] /api/group/v1/user
2024-06-11T07:25:47.730Z | INFO   | API HIT : [POST] /api/expense/v1/user/recent
2024-06-11T07:25:47.732Z | INFO   | API HIT : [POST] /api/expense/v1/user/categoryExp
2024-06-11T07:25:47.734Z | INFO   | API HIT : [POST] /api/expense/v1/user/dailyExp
2024-06-11T07:25:57.698Z | INFO   | API HIT : [DELETE] /api/expense/v1/delete
2024-06-11T07:25:58.402Z | INFO   | API HIT : [POST] /api/expense/v1/user
2024-06-11T07:25:58.434Z | INFO   | API HIT : [POST] /api/group/v1/user
2024-06-11T07:25:58.775Z | INFO   | API HIT : [POST] /api/expense/v1/user/monthlyExp
2024-06-11T07:25:58.811Z | INFO   | API HIT : [POST] /api/group/v1/user
2024-06-11T07:25:58.814Z | INFO   | API HIT : [POST] /api/expense/v1/user/recent
2024-06-11T07:25:58.816Z | INFO   | API HIT : [POST] /api/expense/v1/user/categoryExp
2024-06-11T07:25:58.823Z | INFO   | API HIT : [POST] /api/expense/v1/user/dailyExp
2024-06-11T07:26:01.619Z | INFO   | API HIT : [POST] /api/group/v1/user
2024-06-11T07:29:10.075Z | INFO   | API HIT : [POST] /api/group/v1/view
2024-06-11T07:29:10.324Z | INFO   | API HIT : [POST] /api/expense/v1/group
2024-06-11T07:29:10.326Z | ERROR  | URL : /api/expense/v1/group | staus : 400 | message: No expense present for the group
2024-06-11T07:29:13.788Z | INFO   | API HIT : [POST] /api/group/v1/settlement
2024-06-11T07:29:16.841Z | INFO   | API HIT : [POST] /api/group/v1/user
2024-06-11T07:29:18.477Z | INFO   | API HIT : [POST] /api/group/v1/view
2024-06-11T07:29:18.794Z | INFO   | API HIT : [POST] /api/expense/v1/group
2024-06-11T07:29:19.060Z | INFO   | API HIT : [POST] /api/expense/v1/group/categoryExp
2024-06-11T07:29:19.154Z | INFO   | API HIT : [POST] /api/expense/v1/group/monthlyExp
2024-06-11T07:29:19.169Z | INFO   | API HIT : [POST] /api/expense/v1/group/dailyExp
2024-06-11T07:29:21.252Z | INFO   | API HIT : [POST] /api/group/v1/settlement
2024-06-11T07:29:21.310Z | ERROR  | URL : /api/group/v1/settlement | staus : undefined | message: Maximum call stack size exceeded
2024-06-11T07:29:25.214Z | INFO   | API HIT : [POST] /api/expense/v1/group/categoryExp
2024-06-11T07:29:25.525Z | INFO   | API HIT : [POST] /api/expense/v1/group/monthlyExp
2024-06-11T07:29:25.850Z | INFO   | API HIT : [POST] /api/expense/v1/group/dailyExp
2024-06-11T08:22:45.882Z | INFO   | API HIT : [POST] /api/group/v1/view
2024-06-11T08:22:46.044Z | INFO   | API HIT : [POST] /api/expense/v1/group
2024-06-11T08:22:46.251Z | INFO   | API HIT : [POST] /api/expense/v1/group/categoryExp
2024-06-11T08:22:46.408Z | INFO   | API HIT : [POST] /api/expense/v1/group/monthlyExp
2024-06-11T08:22:46.422Z | INFO   | API HIT : [POST] /api/expense/v1/group/dailyExp
2024-06-11T08:23:12.202Z | INFO   | API HIT : [POST] /api/expense/v1/user
2024-06-11T08:23:12.538Z | INFO   | API HIT : [POST] /api/group/v1/user
2024-06-11T08:23:12.796Z | INFO   | API HIT : [POST] /api/expense/v1/user/monthlyExp
2024-06-11T08:23:12.898Z | INFO   | API HIT : [POST] /api/expense/v1/user/categoryExp
2024-06-11T08:23:12.899Z | INFO   | API HIT : [POST] /api/group/v1/user
2024-06-11T08:23:12.901Z | INFO   | API HIT : [POST] /api/expense/v1/user/recent
2024-06-11T08:23:12.903Z | INFO   | API HIT : [POST] /api/expense/v1/user/dailyExp
2024-06-11T08:23:19.974Z | INFO   | API HIT : [POST] /api/users/v1/view
2024-06-11T08:23:33.497Z | INFO   | API HIT : [POST] /api/expense/v1/user
2024-06-11T08:23:33.819Z | INFO   | API HIT : [POST] /api/group/v1/user
2024-06-11T08:23:34.085Z | INFO   | API HIT : [POST] /api/expense/v1/user/monthlyExp
2024-06-11T08:23:34.153Z | INFO   | API HIT : [POST] /api/group/v1/user
2024-06-11T08:23:34.155Z | INFO   | API HIT : [POST] /api/expense/v1/user/recent
2024-06-11T08:23:34.159Z | INFO   | API HIT : [POST] /api/expense/v1/user/categoryExp
2024-06-11T08:23:34.160Z | INFO   | API HIT : [POST] /api/expense/v1/user/dailyExp
2024-06-11T08:23:45.615Z | INFO   | API HIT : [GET] /api/users/v1/emailList
2024-06-11T08:25:28.794Z | INFO   | API HIT : [POST] /api/expense/v1/user
2024-06-11T08:25:28.808Z | INFO   | API HIT : [POST] /api/group/v1/user
2024-06-11T08:25:29.060Z | INFO   | API HIT : [POST] /api/expense/v1/user/monthlyExp
2024-06-11T08:25:29.166Z | INFO   | API HIT : [POST] /api/group/v1/user
2024-06-11T08:25:29.167Z | INFO   | API HIT : [POST] /api/expense/v1/user/recent
2024-06-11T08:25:29.169Z | INFO   | API HIT : [POST] /api/expense/v1/user/categoryExp
2024-06-11T08:25:29.171Z | INFO   | API HIT : [POST] /api/expense/v1/user/dailyExp
2024-06-11T08:25:35.297Z | INFO   | API HIT : [POST] /api/group/v1/user
2024-06-11T08:33:08.023Z | INFO   | API HIT : [POST] /api/expense/v1/user
2024-06-11T08:33:08.282Z | INFO   | API HIT : [POST] /api/group/v1/user
2024-06-11T08:33:08.400Z | INFO   | API HIT : [POST] /api/expense/v1/user/monthlyExp
2024-06-11T08:33:08.731Z | INFO   | API HIT : [POST] /api/group/v1/user
2024-06-11T08:33:08.735Z | INFO   | API HIT : [POST] /api/expense/v1/user/recent
2024-06-11T08:33:08.741Z | INFO   | API HIT : [POST] /api/expense/v1/user/categoryExp
2024-06-11T08:33:08.744Z | INFO   | API HIT : [POST] /api/expense/v1/user/dailyExp
2024-06-11T08:33:09.640Z | INFO   | API HIT : [GET] /api/users/v1/emailList
2024-06-11T08:33:11.279Z | INFO   | API HIT : [POST] /api/expense/v1/user
2024-06-11T08:33:11.546Z | INFO   | API HIT : [POST] /api/group/v1/user
2024-06-11T08:33:11.641Z | INFO   | API HIT : [POST] /api/expense/v1/user/monthlyExp
2024-06-11T08:33:11.973Z | INFO   | API HIT : [POST] /api/group/v1/user
2024-06-11T08:33:11.983Z | INFO   | API HIT : [POST] /api/expense/v1/user/recent
2024-06-11T08:33:11.991Z | INFO   | API HIT : [POST] /api/expense/v1/user/categoryExp
2024-06-11T08:33:11.996Z | INFO   | API HIT : [POST] /api/expense/v1/user/dailyExp
2024-06-11T08:33:27.365Z | INFO   | API HIT : [POST] /api/group/v1/user
2024-06-11T08:42:28.728Z | INFO   | API HIT : [POST] /api/expense/v1/user
2024-06-11T08:42:29.090Z | INFO   | API HIT : [POST] /api/group/v1/user
2024-06-11T08:42:29.353Z | INFO   | API HIT : [POST] /api/expense/v1/user/monthlyExp
2024-06-11T08:42:29.523Z | INFO   | API HIT : [POST] /api/group/v1/user
2024-06-11T08:42:29.534Z | INFO   | API HIT : [POST] /api/expense/v1/user/recent
2024-06-11T08:42:29.542Z | INFO   | API HIT : [POST] /api/expense/v1/user/categoryExp
2024-06-11T08:42:29.546Z | INFO   | API HIT : [POST] /api/expense/v1/user/dailyExp
2024-06-11T08:42:35.648Z | INFO   | API HIT : [POST] /api/group/v1/user
2024-06-11T08:46:19.803Z | INFO   | API HIT : [GET] /api/users/v1/emailList
2024-06-11T08:46:22.285Z | INFO   | API HIT : [POST] /api/expense/v1/user
2024-06-11T08:46:22.633Z | INFO   | API HIT : [POST] /api/group/v1/user
2024-06-11T08:46:22.901Z | INFO   | API HIT : [POST] /api/expense/v1/user/monthlyExp
2024-06-11T08:46:23.029Z | INFO   | API HIT : [POST] /api/group/v1/user
2024-06-11T08:46:23.035Z | INFO   | API HIT : [POST] /api/expense/v1/user/recent
2024-06-11T08:46:23.039Z | INFO   | API HIT : [POST] /api/expense/v1/user/categoryExp
2024-06-11T08:46:23.043Z | INFO   | API HIT : [POST] /api/expense/v1/user/dailyExp
2024-06-11T08:46:29.176Z | INFO   | API HIT : [POST] /api/group/v1/user
2024-06-11T08:46:34.789Z | INFO   | API HIT : [GET] /api/users/v1/emailList
2024-06-11T08:46:36.662Z | INFO   | API HIT : [POST] /api/group/v1/user
2024-06-11T08:46:38.276Z | INFO   | API HIT : [POST] /api/expense/v1/user
2024-06-11T08:46:38.528Z | INFO   | API HIT : [POST] /api/group/v1/user
2024-06-11T08:46:38.641Z | INFO   | API HIT : [POST] /api/expense/v1/user/monthlyExp
2024-06-11T08:46:38.964Z | INFO   | API HIT : [POST] /api/group/v1/user
2024-06-11T08:46:38.972Z | INFO   | API HIT : [POST] /api/expense/v1/user/recent
2024-06-11T08:46:38.978Z | INFO   | API HIT : [POST] /api/expense/v1/user/categoryExp
2024-06-11T08:46:39.008Z | INFO   | API HIT : [POST] /api/expense/v1/user/dailyExp
2024-06-11T09:19:16.035Z | INFO   | Server started in PORT | 3001
2024-06-11T09:19:16.552Z | INFO   | DB Connection Established
2024-06-11T10:02:19.317Z | INFO   | Server started in PORT | 3001
2024-06-11T10:02:19.357Z | INFO   | DB Connection Established
2024-06-11T10:09:25.351Z | INFO   | API HIT : [POST] /api/expense/v1/user
2024-06-11T10:09:25.355Z | ERROR  | URL : /api/expense/v1/user | API Authentication Fail | message: Invalid Token
2024-06-11T10:09:25.375Z | INFO   | API HIT : [POST] /api/group/v1/user
2024-06-11T10:09:25.376Z | ERROR  | URL : /api/group/v1/user | API Authentication Fail | message: Invalid Token
2024-06-11T10:16:47.229Z | INFO   | Server started in PORT | 3001
2024-06-11T10:16:47.271Z | INFO   | DB Connection Established
2024-06-11T10:17:03.415Z | INFO   | API HIT : [POST] /api/expense/v1/user
2024-06-11T10:17:03.420Z | ERROR  | URL : /api/expense/v1/user | API Authentication Fail | message: Invalid Token
2024-06-11T10:17:03.444Z | INFO   | API HIT : [POST] /api/group/v1/user
2024-06-11T10:17:03.446Z | ERROR  | URL : /api/group/v1/user | API Authentication Fail | message: Invalid Token
2024-06-11T10:18:30.895Z | INFO   | API HIT : [POST] /api/group/v1/user
2024-06-11T10:18:30.895Z | ERROR  | URL : /api/group/v1/user | API Authentication Fail | message: Invalid Token
2024-06-11T10:18:34.326Z | INFO   | API HIT : [POST] /api/expense/v1/user
2024-06-11T10:18:34.327Z | ERROR  | URL : /api/expense/v1/user | API Authentication Fail | message: Invalid Token
2024-06-11T10:18:34.655Z | INFO   | API HIT : [POST] /api/group/v1/user
2024-06-11T10:18:34.656Z | ERROR  | URL : /api/group/v1/user | API Authentication Fail | message: Invalid Token
2024-06-11T10:18:38.166Z | INFO   | API HIT : [POST] /api/users/v1/view
2024-06-11T10:18:38.168Z | ERROR  | URL : /api/users/v1/view | API Authentication Fail | message: Invalid Token
2024-06-11T10:18:42.796Z | INFO   | API HIT : [GET] /api/users/v1/emailList
2024-06-11T10:18:42.798Z | ERROR  | URL : /api/users/v1/emailList | API Authentication Fail | message: Invalid Token
2024-06-11T10:19:05.056Z | INFO   | API HIT : [POST] /api/users/v1/login
2024-06-11T10:19:05.200Z | ERROR  | URL : /api/users/v1/login | staus : 401 | message: Invalid email Id or Password* ! Error: Invalid email Id or Password* !
    at exports.userLogin (C:\Users\adity\Downloads\Splitapp 2\SplitApp-main\components\user.js:74:23)
2024-06-11T10:19:12.924Z | INFO   | API HIT : [POST] /api/users/v1/login
2024-06-11T10:19:13.437Z | INFO   | API HIT : [POST] /api/expense/v1/user
2024-06-11T10:19:13.471Z | INFO   | API HIT : [POST] /api/group/v1/user
2024-06-11T10:19:13.833Z | INFO   | API HIT : [POST] /api/expense/v1/user/monthlyExp
2024-06-11T10:19:13.840Z | INFO   | API HIT : [POST] /api/group/v1/user
2024-06-11T10:19:13.843Z | INFO   | API HIT : [POST] /api/expense/v1/user/recent
2024-06-11T10:19:13.845Z | INFO   | API HIT : [POST] /api/expense/v1/user/categoryExp
2024-06-11T10:19:13.868Z | INFO   | API HIT : [POST] /api/expense/v1/user/dailyExp
2024-06-11T10:19:20.277Z | INFO   | API HIT : [POST] /api/group/v1/user
2024-06-11T13:06:50.918Z | INFO   | Server started in PORT | 3001
2024-06-11T13:06:50.924Z | ERROR  | DB Connection Fail | MongooseError: The `uri` parameter to `openUri()` must be a string, got "undefined". Make sure the first parameter to `mongoose.connect()` or `mongoose.createConnection()` is a string.
    at Connection.openUri (C:\Users\adity\Downloads\Splitapp 2\SplitApp-main\server\node_modules\mongoose\lib\connection.js:689:11)
    at C:\Users\adity\Downloads\Splitapp 2\SplitApp-main\server\node_modules\mongoose\lib\index.js:377:10
    at C:\Users\adity\Downloads\Splitapp 2\SplitApp-main\server\node_modules\mongoose\lib\helpers\promiseOrCallback.js:32:5
    at new Promise (<anonymous>)
    at promiseOrCallback (C:\Users\adity\Downloads\Splitapp 2\SplitApp-main\server\node_modules\mongoose\lib\helpers\promiseOrCallback.js:31:10)
    at Mongoose._promiseOrCallback (C:\Users\adity\Downloads\Splitapp 2\SplitApp-main\server\node_modules\mongoose\lib\index.js:1220:10)
    at Mongoose.connect (C:\Users\adity\Downloads\Splitapp 2\SplitApp-main\server\node_modules\mongoose\lib\index.js:376:20)
    at Object.<anonymous> (C:\Users\adity\Downloads\Splitapp 2\SplitApp-main\server\model\schema.js:4:10)
    at Module._compile (node:internal/modules/cjs/loader:1256:14)
    at Module._extensions..js (node:internal/modules/cjs/loader:1310:10)
2024-06-11T13:49:18.883Z | INFO   | API HIT : [POST] /api/expense/v1/user
2024-06-11T13:49:18.908Z | ERROR  | URL : /api/expense/v1/user | API Authentication Fail | message: Invalid Token
2024-06-11T13:49:19.051Z | INFO   | API HIT : [POST] /api/group/v1/user
2024-06-11T13:49:19.053Z | ERROR  | URL : /api/group/v1/user | API Authentication Fail | message: Invalid Token
2024-06-11T13:49:49.098Z | INFO   | API HIT : [POST] /api/group/v1/user
2024-06-11T13:49:49.099Z | ERROR  | URL : /api/group/v1/user | API Authentication Fail | message: Invalid Token
2024-06-11T13:50:28.156Z | INFO   | API HIT : [POST] /api/expense/v1/user
2024-06-11T13:50:28.157Z | ERROR  | URL : /api/expense/v1/user | API Authentication Fail | message: Invalid Token
2024-06-11T13:50:28.400Z | INFO   | API HIT : [POST] /api/group/v1/user
2024-06-11T13:50:28.401Z | ERROR  | URL : /api/group/v1/user | API Authentication Fail | message: Invalid Token
2024-06-11T13:50:46.306Z | INFO   | API HIT : [POST] /api/users/v1/login
2024-06-11T13:50:56.376Z | ERROR  | URL : /api/users/v1/login | staus : undefined | message: Operation `users.findOne()` buffering timed out after 10000ms MongooseError: Operation `users.findOne()` buffering timed out after 10000ms
    at Timeout.<anonymous> (C:\Users\adity\Downloads\Splitapp 2\SplitApp-main\server\node_modules\mongoose\lib\drivers\node-mongodb-native\collection.js:151:23)
    at listOnTimeout (node:internal/timers:569:17)
    at process.processTimers (node:internal/timers:512:7)
2024-06-11T13:51:31.784Z | INFO   | API HIT : [POST] /api/users/v1/register
2024-06-11T13:51:41.794Z | ERROR  | URL : /api/users/v1/register | staus : undefined | message: Operation `users.findOne()` buffering timed out after 10000ms
2024-06-11T13:51:46.291Z | INFO   | API HIT : [POST] /api/users/v1/register
2024-06-11T13:51:56.307Z | ERROR  | URL : /api/users/v1/register | staus : undefined | message: Operation `users.findOne()` buffering timed out after 10000ms
2024-06-11T13:52:16.622Z | INFO   | API HIT : [POST] /api/users/v1/register
2024-06-11T13:52:26.631Z | ERROR  | URL : /api/users/v1/register | staus : undefined | message: Operation `users.findOne()` buffering timed out after 10000ms
2024-06-11T13:52:41.259Z | INFO   | API HIT : [POST] /api/users/v1/login
2024-06-11T13:52:51.276Z | ERROR  | URL : /api/users/v1/login | staus : undefined | message: Operation `users.findOne()` buffering timed out after 10000ms MongooseError: Operation `users.findOne()` buffering timed out after 10000ms
    at Timeout.<anonymous> (C:\Users\adity\Downloads\Splitapp 2\SplitApp-main\server\node_modules\mongoose\lib\drivers\node-mongodb-native\collection.js:151:23)
    at listOnTimeout (node:internal/timers:569:17)
    at process.processTimers (node:internal/timers:512:7)
2024-06-11T13:52:53.548Z | INFO   | API HIT : [POST] /api/users/v1/login
2024-06-11T13:53:03.564Z | ERROR  | URL : /api/users/v1/login | staus : undefined | message: Operation `users.findOne()` buffering timed out after 10000ms MongooseError: Operation `users.findOne()` buffering timed out after 10000ms
    at Timeout.<anonymous> (C:\Users\adity\Downloads\Splitapp 2\SplitApp-main\server\node_modules\mongoose\lib\drivers\node-mongodb-native\collection.js:151:23)
    at listOnTimeout (node:internal/timers:569:17)
    at process.processTimers (node:internal/timers:512:7)
2024-06-11T13:56:25.638Z | INFO   | API HIT : [POST] /api/users/v1/login
2024-06-11T13:56:35.649Z | ERROR  | URL : /api/users/v1/login | staus : undefined | message: Operation `users.findOne()` buffering timed out after 10000ms MongooseError: Operation `users.findOne()` buffering timed out after 10000ms
    at Timeout.<anonymous> (C:\Users\adity\Downloads\Splitapp 2\SplitApp-main\server\node_modules\mongoose\lib\drivers\node-mongodb-native\collection.js:151:23)
    at listOnTimeout (node:internal/timers:569:17)
    at process.processTimers (node:internal/timers:512:7)
2024-06-11T13:58:25.085Z | INFO   | API HIT : [POST] /api/users/v1/login
2024-06-11T13:58:35.093Z | ERROR  | URL : /api/users/v1/login | staus : undefined | message: Operation `users.findOne()` buffering timed out after 10000ms MongooseError: Operation `users.findOne()` buffering timed out after 10000ms
    at Timeout.<anonymous> (C:\Users\adity\Downloads\Splitapp 2\SplitApp-main\server\node_modules\mongoose\lib\drivers\node-mongodb-native\collection.js:151:23)
    at listOnTimeout (node:internal/timers:569:17)
    at process.processTimers (node:internal/timers:512:7)
2024-06-11T14:08:51.943Z | INFO   | Server started in PORT | 3001
2024-06-11T14:08:51.945Z | ERROR  | DB Connection Fail | MongooseError: The `uri` parameter to `openUri()` must be a string, got "undefined". Make sure the first parameter to `mongoose.connect()` or `mongoose.createConnection()` is a string.
    at Connection.openUri (C:\Users\adity\Downloads\Splitapp 2\SplitApp-main\node_modules\mongoose\lib\connection.js:689:11)
    at C:\Users\adity\Downloads\Splitapp 2\SplitApp-main\node_modules\mongoose\lib\index.js:377:10
    at C:\Users\adity\Downloads\Splitapp 2\SplitApp-main\node_modules\mongoose\lib\helpers\promiseOrCallback.js:32:5
    at new Promise (<anonymous>)
    at promiseOrCallback (C:\Users\adity\Downloads\Splitapp 2\SplitApp-main\node_modules\mongoose\lib\helpers\promiseOrCallback.js:31:10)
    at Mongoose._promiseOrCallback (C:\Users\adity\Downloads\Splitapp 2\SplitApp-main\node_modules\mongoose\lib\index.js:1220:10)
    at Mongoose.connect (C:\Users\adity\Downloads\Splitapp 2\SplitApp-main\node_modules\mongoose\lib\index.js:376:20)
    at Object.<anonymous> (C:\Users\adity\Downloads\Splitapp 2\SplitApp-main\model\schema.js:4:10)
    at Module._compile (node:internal/modules/cjs/loader:1256:14)
    at Module._extensions..js (node:internal/modules/cjs/loader:1310:10)
2024-06-11T14:09:08.333Z | INFO   | API HIT : [GET] /main.615c593039ab2f900f36.hot-update.json
2024-06-11T14:09:08.335Z | ERROR  | [Invalid Route] /main.615c593039ab2f900f36.hot-update.json
2024-06-11T14:09:42.315Z | INFO   | API HIT : [POST] /api/users/v1/login
2024-06-11T14:09:52.331Z | ERROR  | URL : /api/users/v1/login | staus : undefined | message: Operation `users.findOne()` buffering timed out after 10000ms MongooseError: Operation `users.findOne()` buffering timed out after 10000ms
    at Timeout.<anonymous> (C:\Users\adity\Downloads\Splitapp 2\SplitApp-main\node_modules\mongoose\lib\drivers\node-mongodb-native\collection.js:151:23)
    at listOnTimeout (node:internal/timers:569:17)
    at process.processTimers (node:internal/timers:512:7)
2024-06-11T14:10:28.829Z | INFO   | API HIT : [POST] /api/users/v1/login
2024-06-11T14:10:38.845Z | ERROR  | URL : /api/users/v1/login | staus : undefined | message: Operation `users.findOne()` buffering timed out after 10000ms MongooseError: Operation `users.findOne()` buffering timed out after 10000ms
    at Timeout.<anonymous> (C:\Users\adity\Downloads\Splitapp 2\SplitApp-main\node_modules\mongoose\lib\drivers\node-mongodb-native\collection.js:151:23)
    at listOnTimeout (node:internal/timers:569:17)
    at process.processTimers (node:internal/timers:512:7)
2024-06-11T14:10:54.012Z | INFO   | API HIT : [POST] /api/users/v1/login
2024-06-11T14:11:04.017Z | ERROR  | URL : /api/users/v1/login | staus : undefined | message: Operation `users.findOne()` buffering timed out after 10000ms MongooseError: Operation `users.findOne()` buffering timed out after 10000ms
    at Timeout.<anonymous> (C:\Users\adity\Downloads\Splitapp 2\SplitApp-main\node_modules\mongoose\lib\drivers\node-mongodb-native\collection.js:151:23)
    at listOnTimeout (node:internal/timers:569:17)
    at process.processTimers (node:internal/timers:512:7)
2024-06-11T14:11:05.353Z | INFO   | API HIT : [POST] /api/users/v1/login
2024-06-11T14:11:15.367Z | ERROR  | URL : /api/users/v1/login | staus : undefined | message: Operation `users.findOne()` buffering timed out after 10000ms MongooseError: Operation `users.findOne()` buffering timed out after 10000ms
    at Timeout.<anonymous> (C:\Users\adity\Downloads\Splitapp 2\SplitApp-main\node_modules\mongoose\lib\drivers\node-mongodb-native\collection.js:151:23)
    at listOnTimeout (node:internal/timers:569:17)
    at process.processTimers (node:internal/timers:512:7)
2024-06-11T14:12:39.574Z | INFO   | Server started in PORT | 3001
2024-06-11T14:12:39.576Z | ERROR  | DB Connection Fail | MongooseError: The `uri` parameter to `openUri()` must be a string, got "undefined". Make sure the first parameter to `mongoose.connect()` or `mongoose.createConnection()` is a string.
    at Connection.openUri (C:\Users\adity\Downloads\Splitapp 2\SplitApp-main\node_modules\mongoose\lib\connection.js:689:11)
    at C:\Users\adity\Downloads\Splitapp 2\SplitApp-main\node_modules\mongoose\lib\index.js:377:10
    at C:\Users\adity\Downloads\Splitapp 2\SplitApp-main\node_modules\mongoose\lib\helpers\promiseOrCallback.js:32:5
    at new Promise (<anonymous>)
    at promiseOrCallback (C:\Users\adity\Downloads\Splitapp 2\SplitApp-main\node_modules\mongoose\lib\helpers\promiseOrCallback.js:31:10)
    at Mongoose._promiseOrCallback (C:\Users\adity\Downloads\Splitapp 2\SplitApp-main\node_modules\mongoose\lib\index.js:1220:10)
    at Mongoose.connect (C:\Users\adity\Downloads\Splitapp 2\SplitApp-main\node_modules\mongoose\lib\index.js:376:20)
    at Object.<anonymous> (C:\Users\adity\Downloads\Splitapp 2\SplitApp-main\model\schema.js:4:10)
    at Module._compile (node:internal/modules/cjs/loader:1256:14)
    at Module._extensions..js (node:internal/modules/cjs/loader:1310:10)
2024-06-11T14:15:53.034Z | INFO   | Server started in PORT | 3001
2024-06-11T14:15:53.061Z | INFO   | DB Connection Established
2024-06-11T14:16:37.875Z | INFO   | API HIT : [POST] /api/users/v1/login
2024-06-11T14:16:38.452Z | INFO   | API HIT : [POST] /api/expense/v1/user
2024-06-11T14:16:38.494Z | INFO   | API HIT : [POST] /api/group/v1/user
2024-06-11T14:16:38.860Z | INFO   | API HIT : [POST] /api/expense/v1/user/monthlyExp
2024-06-11T14:16:38.868Z | INFO   | API HIT : [POST] /api/group/v1/user
2024-06-11T14:16:38.869Z | INFO   | API HIT : [POST] /api/expense/v1/user/recent
2024-06-11T14:16:38.872Z | INFO   | API HIT : [POST] /api/expense/v1/user/categoryExp
2024-06-11T14:16:38.917Z | INFO   | API HIT : [POST] /api/expense/v1/user/dailyExp
2024-06-11T14:24:02.773Z | INFO   | Server started in PORT | 3001
2024-06-11T14:24:02.793Z | INFO   | DB Connection Established
2024-06-11T14:24:45.944Z | INFO   | API HIT : [POST] /api/expense/v1/user
2024-06-11T14:24:46.003Z | INFO   | API HIT : [POST] /api/group/v1/user
2024-06-11T14:24:46.375Z | INFO   | API HIT : [POST] /api/expense/v1/user/monthlyExp
2024-06-11T14:24:46.380Z | INFO   | API HIT : [POST] /api/group/v1/user
2024-06-11T14:24:46.382Z | INFO   | API HIT : [POST] /api/expense/v1/user/recent
2024-06-11T14:24:46.386Z | INFO   | API HIT : [POST] /api/expense/v1/user/categoryExp
2024-06-11T14:24:46.416Z | INFO   | API HIT : [POST] /api/expense/v1/user/dailyExp
2024-06-11T14:24:51.658Z | INFO   | API HIT : [POST] /api/group/v1/user
2024-06-11T14:28:10.420Z | INFO   | Server started in PORT | 3001
2024-06-11T14:28:10.422Z | ERROR  | DB Connection Fail | MongooseError: The `uri` parameter to `openUri()` must be a string, got "undefined". Make sure the first parameter to `mongoose.connect()` or `mongoose.createConnection()` is a string.
    at Connection.openUri (C:\Users\adity\Downloads\Splitapp 2\SplitApp-main\server\node_modules\mongoose\lib\connection.js:689:11)
    at C:\Users\adity\Downloads\Splitapp 2\SplitApp-main\server\node_modules\mongoose\lib\index.js:377:10
    at C:\Users\adity\Downloads\Splitapp 2\SplitApp-main\server\node_modules\mongoose\lib\helpers\promiseOrCallback.js:32:5
    at new Promise (<anonymous>)
    at promiseOrCallback (C:\Users\adity\Downloads\Splitapp 2\SplitApp-main\server\node_modules\mongoose\lib\helpers\promiseOrCallback.js:31:10)
    at Mongoose._promiseOrCallback (C:\Users\adity\Downloads\Splitapp 2\SplitApp-main\server\node_modules\mongoose\lib\index.js:1220:10)
    at Mongoose.connect (C:\Users\adity\Downloads\Splitapp 2\SplitApp-main\server\node_modules\mongoose\lib\index.js:376:20)
    at Object.<anonymous> (C:\Users\adity\Downloads\Splitapp 2\SplitApp-main\server\model\schema.js:4:10)
    at Module._compile (node:internal/modules/cjs/loader:1256:14)
    at Module._extensions..js (node:internal/modules/cjs/loader:1310:10)
2024-06-11T14:29:39.947Z | INFO   | Server started in PORT | 3001
2024-06-11T14:29:39.968Z | INFO   | DB Connection Established
2024-06-11T14:31:31.148Z | INFO   | API HIT : [POST] /api/expense/v1/user
2024-06-11T14:31:31.188Z | INFO   | API HIT : [POST] /api/group/v1/user
2024-06-11T14:31:31.558Z | INFO   | API HIT : [POST] /api/expense/v1/user/monthlyExp
2024-06-11T14:31:31.562Z | INFO   | API HIT : [POST] /api/group/v1/user
2024-06-11T14:31:31.564Z | INFO   | API HIT : [POST] /api/expense/v1/user/recent
2024-06-11T14:31:31.567Z | INFO   | API HIT : [POST] /api/expense/v1/user/categoryExp
2024-06-11T14:31:31.597Z | INFO   | API HIT : [POST] /api/expense/v1/user/dailyExp
2024-06-11T17:26:26.956Z | INFO   | API HIT : [POST] /api/group/v1/user
2024-06-11T17:26:29.185Z | INFO   | API HIT : [POST] /api/group/v1/view
2024-06-11T17:26:29.554Z | INFO   | API HIT : [POST] /api/expense/v1/group
2024-06-11T17:26:29.566Z | ERROR  | URL : /api/expense/v1/group | staus : 400 | message: No expense present for the group
2024-06-11T17:27:00.890Z | INFO   | API HIT : [POST] /api/users/v1/login
2024-06-11T17:27:00.902Z | ERROR  | URL : /api/users/v1/login | staus : 401 | message: Invalid email Id or Password ! Error: Invalid email Id or Password !
    at exports.userLogin (C:\Users\adity\Downloads\Splitapp 2\SplitApp-main\server\components\user.js:66:23)
    at process.processTicksAndRejections (node:internal/process/task_queues:95:5)
2024-06-11T17:27:07.283Z | INFO   | API HIT : [POST] /api/users/v1/login
2024-06-11T17:27:07.291Z | ERROR  | URL : /api/users/v1/login | staus : 401 | message: Invalid email Id or Password ! Error: Invalid email Id or Password !
    at exports.userLogin (C:\Users\adity\Downloads\Splitapp 2\SplitApp-main\server\components\user.js:66:23)
    at process.processTicksAndRejections (node:internal/process/task_queues:95:5)
2024-06-11T17:27:28.489Z | INFO   | API HIT : [POST] /api/users/v1/login
2024-06-11T17:27:30.480Z | INFO   | API HIT : [POST] /api/expense/v1/user
2024-06-11T17:27:30.561Z | INFO   | API HIT : [POST] /api/group/v1/user
2024-06-11T17:27:31.088Z | INFO   | API HIT : [POST] /api/expense/v1/user/monthlyExp
2024-06-11T17:27:31.100Z | INFO   | API HIT : [POST] /api/group/v1/user
2024-06-11T17:27:31.109Z | INFO   | API HIT : [POST] /api/expense/v1/user/recent
2024-06-11T17:27:31.117Z | INFO   | API HIT : [POST] /api/expense/v1/user/categoryExp
2024-06-11T17:27:31.182Z | INFO   | API HIT : [POST] /api/expense/v1/user/dailyExp
2024-06-11T17:28:06.748Z | INFO   | API HIT : [POST] /api/users/v1/register
2024-06-11T17:28:06.756Z | ERROR  | URL : /api/users/v1/register | staus : 400 | message: Email Id already present please login!
2024-06-11T17:28:19.249Z | INFO   | API HIT : [POST] /api/users/v1/register
2024-06-11T17:28:19.710Z | INFO   | API HIT : [POST] /api/users/v1/login
2024-06-11T17:28:21.145Z | INFO   | API HIT : [POST] /api/expense/v1/user
2024-06-11T17:28:21.152Z | ERROR  | URL : /api/expense/v1/user | staus : 400 | message: No expense present for the user
2024-06-11T17:28:21.209Z | INFO   | API HIT : [POST] /api/group/v1/user
2024-06-11T17:28:25.482Z | INFO   | API HIT : [POST] /api/group/v1/user
2024-06-11T17:28:27.503Z | INFO   | API HIT : [GET] /api/users/v1/emailList
2024-06-11T17:28:47.046Z | INFO   | API HIT : [POST] /api/group/v1/add
2024-06-11T17:28:48.018Z | INFO   | API HIT : [POST] /api/group/v1/view
2024-06-11T17:28:48.086Z | INFO   | API HIT : [POST] /api/expense/v1/group
2024-06-11T17:28:48.094Z | ERROR  | URL : /api/expense/v1/group | staus : 400 | message: No expense present for the group
2024-06-11T17:28:54.600Z | INFO   | API HIT : [POST] /api/group/v1/view
2024-06-11T17:29:15.560Z | INFO   | API HIT : [POST] /api/expense/v1/add
2024-06-11T17:29:16.596Z | INFO   | API HIT : [POST] /api/group/v1/view
2024-06-11T17:29:16.640Z | INFO   | API HIT : [POST] /api/expense/v1/group
2024-06-11T17:29:17.132Z | INFO   | API HIT : [POST] /api/expense/v1/group/categoryExp
2024-06-11T17:29:17.137Z | INFO   | API HIT : [POST] /api/expense/v1/group/monthlyExp
2024-06-11T17:29:17.175Z | INFO   | API HIT : [POST] /api/expense/v1/group/dailyExp
2024-06-11T17:35:43.576Z | INFO   | Server started in PORT | 3001
2024-06-11T17:35:43.683Z | INFO   | DB Connection Established
2024-06-11T17:42:39.962Z | INFO   | API HIT : [POST] /api/expense/v1/user
2024-06-11T17:42:40.108Z | INFO   | API HIT : [POST] /api/group/v1/user
2024-06-11T17:42:40.592Z | INFO   | API HIT : [POST] /api/expense/v1/user/monthlyExp
2024-06-11T17:42:40.616Z | INFO   | API HIT : [POST] /api/group/v1/user
2024-06-11T17:42:40.638Z | INFO   | API HIT : [POST] /api/expense/v1/user/recent
2024-06-11T17:42:40.659Z | INFO   | API HIT : [POST] /api/expense/v1/user/categoryExp
2024-06-11T17:42:40.726Z | INFO   | API HIT : [POST] /api/expense/v1/user/dailyExp
2024-06-11T17:42:48.512Z | INFO   | API HIT : [POST] /api/users/v1/view
2024-06-11T17:45:25.189Z | INFO   | API HIT : [POST] /api/expense/v1/user
2024-06-11T17:45:25.452Z | INFO   | API HIT : [POST] /api/group/v1/user
2024-06-11T17:45:25.550Z | INFO   | API HIT : [POST] /api/expense/v1/user/monthlyExp
2024-06-11T17:45:25.884Z | INFO   | API HIT : [POST] /api/group/v1/user
2024-06-11T17:45:25.890Z | INFO   | API HIT : [POST] /api/expense/v1/user/recent
2024-06-11T17:45:25.897Z | INFO   | API HIT : [POST] /api/expense/v1/user/categoryExp
2024-06-11T17:45:25.902Z | INFO   | API HIT : [POST] /api/expense/v1/user/dailyExp
2024-06-11T17:45:26.368Z | INFO   | API HIT : [POST] /api/group/v1/user
2024-06-11T17:45:28.868Z | INFO   | API HIT : [GET] /api/users/v1/emailList
2024-06-17T16:40:52.132Z | INFO   | Server started in PORT | 3001
2024-06-17T16:40:52.180Z | INFO   | DB Connection Established
2024-06-17T16:43:22.539Z | INFO   | API HIT : [POST] /api/expense/v1/user
2024-06-17T16:43:22.625Z | INFO   | API HIT : [POST] /api/group/v1/user
2024-06-17T16:43:23.094Z | INFO   | API HIT : [POST] /api/group/v1/user
2024-06-17T16:43:23.096Z | INFO   | API HIT : [POST] /api/expense/v1/user/recent
2024-06-17T16:43:23.099Z | INFO   | API HIT : [POST] /api/expense/v1/user/categoryExp
2024-06-17T16:43:23.103Z | INFO   | API HIT : [POST] /api/expense/v1/user/monthlyExp
2024-06-17T16:43:23.234Z | INFO   | API HIT : [POST] /api/expense/v1/user/dailyExp
2024-06-17T16:43:28.339Z | INFO   | API HIT : [POST] /api/group/v1/user
2024-06-17T16:43:32.189Z | INFO   | API HIT : [POST] /api/group/v1/view
2024-06-17T16:43:32.284Z | INFO   | API HIT : [POST] /api/expense/v1/group
2024-06-17T16:43:32.622Z | INFO   | API HIT : [POST] /api/expense/v1/group/categoryExp
2024-06-17T16:43:32.624Z | INFO   | API HIT : [POST] /api/expense/v1/group/monthlyExp
2024-06-17T16:43:32.887Z | INFO   | API HIT : [POST] /api/expense/v1/group/dailyExp
2024-06-17T16:43:39.557Z | INFO   | API HIT : [GET] /api/users/v1/emailList
2024-06-17T16:43:39.807Z | INFO   | API HIT : [POST] /api/group/v1/view
