2024-06-11T07:09:29.729Z | ERROR  | URL : /api/expense/v1/user | staus : 400 | message: No expense present for the user
2024-06-11T07:09:45.674Z | ERROR  | URL : /api/expense/v1/user | staus : 400 | message: No expense present for the user
2024-06-11T07:11:00.837Z | ERROR  | URL : /api/expense/v1/user | staus : 400 | message: No expense present for the user
2024-06-11T07:11:30.872Z | ERROR  | URL : /api/expense/v1/group | staus : 400 | message: No expense present for the group
2024-06-11T07:15:05.262Z | ERROR  | URL : /api/expense/v1/user | staus : 400 | message: No expense present for the user
2024-06-11T07:15:35.612Z | ERROR  | URL : /api/expense/v1/group | staus : 400 | message: No expense present for the group
2024-06-11T07:16:51.600Z | ERROR  | URL : /api/expense/v1/user | staus : 400 | message: No expense present for the user
2024-06-11T07:16:52.017Z | ERROR  | URL : /api/expense/v1/user/recent | staus : 400 | message: No expense present for the user
2024-06-11T07:17:46.603Z | ERROR  | URL : /api/expense/v1/user | staus : 400 | message: No expense present for the user
2024-06-11T07:18:27.903Z | ERROR  | URL : /api/expense/v1/user | staus : 400 | message: No expense present for the user
2024-06-11T07:18:28.310Z | ERROR  | URL : /api/expense/v1/user/recent | staus : 400 | message: No expense present for the user
2024-06-11T07:18:39.325Z | ERROR  | URL : /api/expense/v1/group | staus : 400 | message: No expense present for the group
2024-06-11T07:18:44.819Z | ERROR  | URL : /api/expense/v1/user | staus : 400 | message: No expense present for the user
2024-06-11T07:18:45.517Z | ERROR  | URL : /api/expense/v1/user/recent | staus : 400 | message: No expense present for the user
2024-06-11T07:18:56.806Z | ERROR  | URL : /api/expense/v1/group | staus : 400 | message: No expense present for the group
2024-06-11T07:19:06.123Z | ERROR  | URL : /api/expense/v1/group | staus : 400 | message: No expense present for the group
2024-06-11T07:19:43.631Z | ERROR  | URL : /api/expense/v1/group | staus : 400 | message: No expense present for the group
2024-06-11T07:25:10.200Z | ERROR  | URL : /api/expense/v1/group | staus : 400 | message: No expense present for the group
2024-06-11T07:29:10.326Z | ERROR  | URL : /api/expense/v1/group | staus : 400 | message: No expense present for the group
2024-06-11T07:29:21.310Z | ERROR  | URL : /api/group/v1/settlement | staus : undefined | message: Maximum call stack size exceeded
2024-06-11T10:09:25.355Z | ERROR  | URL : /api/expense/v1/user | API Authentication Fail | message: Invalid Token
2024-06-11T10:09:25.376Z | ERROR  | URL : /api/group/v1/user | API Authentication Fail | message: Invalid Token
2024-06-11T10:17:03.420Z | ERROR  | URL : /api/expense/v1/user | API Authentication Fail | message: Invalid Token
2024-06-11T10:17:03.446Z | ERROR  | URL : /api/group/v1/user | API Authentication Fail | message: Invalid Token
2024-06-11T10:18:30.895Z | ERROR  | URL : /api/group/v1/user | API Authentication Fail | message: Invalid Token
2024-06-11T10:18:34.327Z | ERROR  | URL : /api/expense/v1/user | API Authentication Fail | message: Invalid Token
2024-06-11T10:18:34.656Z | ERROR  | URL : /api/group/v1/user | API Authentication Fail | message: Invalid Token
2024-06-11T10:18:38.168Z | ERROR  | URL : /api/users/v1/view | API Authentication Fail | message: Invalid Token
2024-06-11T10:18:42.798Z | ERROR  | URL : /api/users/v1/emailList | API Authentication Fail | message: Invalid Token
2024-06-11T10:19:05.200Z | ERROR  | URL : /api/users/v1/login | staus : 401 | message: Invalid email Id or Password* ! Error: Invalid email Id or Password* !
    at exports.userLogin (C:\Users\adity\Downloads\Splitapp 2\SplitApp-main\components\user.js:74:23)
2024-06-11T13:06:50.924Z | ERROR  | DB Connection Fail | MongooseError: The `uri` parameter to `openUri()` must be a string, got "undefined". Make sure the first parameter to `mongoose.connect()` or `mongoose.createConnection()` is a string.
    at Connection.openUri (C:\Users\adity\Downloads\Splitapp 2\SplitApp-main\server\node_modules\mongoose\lib\connection.js:689:11)
    at C:\Users\adity\Downloads\Splitapp 2\SplitApp-main\server\node_modules\mongoose\lib\index.js:377:10
    at C:\Users\adity\Downloads\Splitapp 2\SplitApp-main\server\node_modules\mongoose\lib\helpers\promiseOrCallback.js:32:5
    at new Promise (<anonymous>)
    at promiseOrCallback (C:\Users\adity\Downloads\Splitapp 2\SplitApp-main\server\node_modules\mongoose\lib\helpers\promiseOrCallback.js:31:10)
    at Mongoose._promiseOrCallback (C:\Users\adity\Downloads\Splitapp 2\SplitApp-main\server\node_modules\mongoose\lib\index.js:1220:10)
    at Mongoose.connect (C:\Users\adity\Downloads\Splitapp 2\SplitApp-main\server\node_modules\mongoose\lib\index.js:376:20)
    at Object.<anonymous> (C:\Users\adity\Downloads\Splitapp 2\SplitApp-main\server\model\schema.js:4:10)
    at Module._compile (node:internal/modules/cjs/loader:1256:14)
    at Module._extensions..js (node:internal/modules/cjs/loader:1310:10)
2024-06-11T13:49:18.908Z | ERROR  | URL : /api/expense/v1/user | API Authentication Fail | message: Invalid Token
2024-06-11T13:49:19.053Z | ERROR  | URL : /api/group/v1/user | API Authentication Fail | message: Invalid Token
2024-06-11T13:49:49.099Z | ERROR  | URL : /api/group/v1/user | API Authentication Fail | message: Invalid Token
2024-06-11T13:50:28.157Z | ERROR  | URL : /api/expense/v1/user | API Authentication Fail | message: Invalid Token
2024-06-11T13:50:28.401Z | ERROR  | URL : /api/group/v1/user | API Authentication Fail | message: Invalid Token
2024-06-11T13:50:56.376Z | ERROR  | URL : /api/users/v1/login | staus : undefined | message: Operation `users.findOne()` buffering timed out after 10000ms MongooseError: Operation `users.findOne()` buffering timed out after 10000ms
    at Timeout.<anonymous> (C:\Users\adity\Downloads\Splitapp 2\SplitApp-main\server\node_modules\mongoose\lib\drivers\node-mongodb-native\collection.js:151:23)
    at listOnTimeout (node:internal/timers:569:17)
    at process.processTimers (node:internal/timers:512:7)
2024-06-11T13:51:41.794Z | ERROR  | URL : /api/users/v1/register | staus : undefined | message: Operation `users.findOne()` buffering timed out after 10000ms
2024-06-11T13:51:56.307Z | ERROR  | URL : /api/users/v1/register | staus : undefined | message: Operation `users.findOne()` buffering timed out after 10000ms
2024-06-11T13:52:26.631Z | ERROR  | URL : /api/users/v1/register | staus : undefined | message: Operation `users.findOne()` buffering timed out after 10000ms
2024-06-11T13:52:51.276Z | ERROR  | URL : /api/users/v1/login | staus : undefined | message: Operation `users.findOne()` buffering timed out after 10000ms MongooseError: Operation `users.findOne()` buffering timed out after 10000ms
    at Timeout.<anonymous> (C:\Users\adity\Downloads\Splitapp 2\SplitApp-main\server\node_modules\mongoose\lib\drivers\node-mongodb-native\collection.js:151:23)
    at listOnTimeout (node:internal/timers:569:17)
    at process.processTimers (node:internal/timers:512:7)
2024-06-11T13:53:03.564Z | ERROR  | URL : /api/users/v1/login | staus : undefined | message: Operation `users.findOne()` buffering timed out after 10000ms MongooseError: Operation `users.findOne()` buffering timed out after 10000ms
    at Timeout.<anonymous> (C:\Users\adity\Downloads\Splitapp 2\SplitApp-main\server\node_modules\mongoose\lib\drivers\node-mongodb-native\collection.js:151:23)
    at listOnTimeout (node:internal/timers:569:17)
    at process.processTimers (node:internal/timers:512:7)
2024-06-11T13:56:35.649Z | ERROR  | URL : /api/users/v1/login | staus : undefined | message: Operation `users.findOne()` buffering timed out after 10000ms MongooseError: Operation `users.findOne()` buffering timed out after 10000ms
    at Timeout.<anonymous> (C:\Users\adity\Downloads\Splitapp 2\SplitApp-main\server\node_modules\mongoose\lib\drivers\node-mongodb-native\collection.js:151:23)
    at listOnTimeout (node:internal/timers:569:17)
    at process.processTimers (node:internal/timers:512:7)
2024-06-11T13:58:35.093Z | ERROR  | URL : /api/users/v1/login | staus : undefined | message: Operation `users.findOne()` buffering timed out after 10000ms MongooseError: Operation `users.findOne()` buffering timed out after 10000ms
    at Timeout.<anonymous> (C:\Users\adity\Downloads\Splitapp 2\SplitApp-main\server\node_modules\mongoose\lib\drivers\node-mongodb-native\collection.js:151:23)
    at listOnTimeout (node:internal/timers:569:17)
    at process.processTimers (node:internal/timers:512:7)
2024-06-11T14:08:51.945Z | ERROR  | DB Connection Fail | MongooseError: The `uri` parameter to `openUri()` must be a string, got "undefined". Make sure the first parameter to `mongoose.connect()` or `mongoose.createConnection()` is a string.
    at Connection.openUri (C:\Users\adity\Downloads\Splitapp 2\SplitApp-main\node_modules\mongoose\lib\connection.js:689:11)
    at C:\Users\adity\Downloads\Splitapp 2\SplitApp-main\node_modules\mongoose\lib\index.js:377:10
    at C:\Users\adity\Downloads\Splitapp 2\SplitApp-main\node_modules\mongoose\lib\helpers\promiseOrCallback.js:32:5
    at new Promise (<anonymous>)
    at promiseOrCallback (C:\Users\adity\Downloads\Splitapp 2\SplitApp-main\node_modules\mongoose\lib\helpers\promiseOrCallback.js:31:10)
    at Mongoose._promiseOrCallback (C:\Users\adity\Downloads\Splitapp 2\SplitApp-main\node_modules\mongoose\lib\index.js:1220:10)
    at Mongoose.connect (C:\Users\adity\Downloads\Splitapp 2\SplitApp-main\node_modules\mongoose\lib\index.js:376:20)
    at Object.<anonymous> (C:\Users\adity\Downloads\Splitapp 2\SplitApp-main\model\schema.js:4:10)
    at Module._compile (node:internal/modules/cjs/loader:1256:14)
    at Module._extensions..js (node:internal/modules/cjs/loader:1310:10)
2024-06-11T14:09:08.335Z | ERROR  | [Invalid Route] /main.615c593039ab2f900f36.hot-update.json
2024-06-11T14:09:52.331Z | ERROR  | URL : /api/users/v1/login | staus : undefined | message: Operation `users.findOne()` buffering timed out after 10000ms MongooseError: Operation `users.findOne()` buffering timed out after 10000ms
    at Timeout.<anonymous> (C:\Users\adity\Downloads\Splitapp 2\SplitApp-main\node_modules\mongoose\lib\drivers\node-mongodb-native\collection.js:151:23)
    at listOnTimeout (node:internal/timers:569:17)
    at process.processTimers (node:internal/timers:512:7)
2024-06-11T14:10:38.845Z | ERROR  | URL : /api/users/v1/login | staus : undefined | message: Operation `users.findOne()` buffering timed out after 10000ms MongooseError: Operation `users.findOne()` buffering timed out after 10000ms
    at Timeout.<anonymous> (C:\Users\adity\Downloads\Splitapp 2\SplitApp-main\node_modules\mongoose\lib\drivers\node-mongodb-native\collection.js:151:23)
    at listOnTimeout (node:internal/timers:569:17)
    at process.processTimers (node:internal/timers:512:7)
2024-06-11T14:11:04.017Z | ERROR  | URL : /api/users/v1/login | staus : undefined | message: Operation `users.findOne()` buffering timed out after 10000ms MongooseError: Operation `users.findOne()` buffering timed out after 10000ms
    at Timeout.<anonymous> (C:\Users\adity\Downloads\Splitapp 2\SplitApp-main\node_modules\mongoose\lib\drivers\node-mongodb-native\collection.js:151:23)
    at listOnTimeout (node:internal/timers:569:17)
    at process.processTimers (node:internal/timers:512:7)
2024-06-11T14:11:15.367Z | ERROR  | URL : /api/users/v1/login | staus : undefined | message: Operation `users.findOne()` buffering timed out after 10000ms MongooseError: Operation `users.findOne()` buffering timed out after 10000ms
    at Timeout.<anonymous> (C:\Users\adity\Downloads\Splitapp 2\SplitApp-main\node_modules\mongoose\lib\drivers\node-mongodb-native\collection.js:151:23)
    at listOnTimeout (node:internal/timers:569:17)
    at process.processTimers (node:internal/timers:512:7)
2024-06-11T14:12:39.576Z | ERROR  | DB Connection Fail | MongooseError: The `uri` parameter to `openUri()` must be a string, got "undefined". Make sure the first parameter to `mongoose.connect()` or `mongoose.createConnection()` is a string.
    at Connection.openUri (C:\Users\adity\Downloads\Splitapp 2\SplitApp-main\node_modules\mongoose\lib\connection.js:689:11)
    at C:\Users\adity\Downloads\Splitapp 2\SplitApp-main\node_modules\mongoose\lib\index.js:377:10
    at C:\Users\adity\Downloads\Splitapp 2\SplitApp-main\node_modules\mongoose\lib\helpers\promiseOrCallback.js:32:5
    at new Promise (<anonymous>)
    at promiseOrCallback (C:\Users\adity\Downloads\Splitapp 2\SplitApp-main\node_modules\mongoose\lib\helpers\promiseOrCallback.js:31:10)
    at Mongoose._promiseOrCallback (C:\Users\adity\Downloads\Splitapp 2\SplitApp-main\node_modules\mongoose\lib\index.js:1220:10)
    at Mongoose.connect (C:\Users\adity\Downloads\Splitapp 2\SplitApp-main\node_modules\mongoose\lib\index.js:376:20)
    at Object.<anonymous> (C:\Users\adity\Downloads\Splitapp 2\SplitApp-main\model\schema.js:4:10)
    at Module._compile (node:internal/modules/cjs/loader:1256:14)
    at Module._extensions..js (node:internal/modules/cjs/loader:1310:10)
2024-06-11T14:28:10.422Z | ERROR  | DB Connection Fail | MongooseError: The `uri` parameter to `openUri()` must be a string, got "undefined". Make sure the first parameter to `mongoose.connect()` or `mongoose.createConnection()` is a string.
    at Connection.openUri (C:\Users\adity\Downloads\Splitapp 2\SplitApp-main\server\node_modules\mongoose\lib\connection.js:689:11)
    at C:\Users\adity\Downloads\Splitapp 2\SplitApp-main\server\node_modules\mongoose\lib\index.js:377:10
    at C:\Users\adity\Downloads\Splitapp 2\SplitApp-main\server\node_modules\mongoose\lib\helpers\promiseOrCallback.js:32:5
    at new Promise (<anonymous>)
    at promiseOrCallback (C:\Users\adity\Downloads\Splitapp 2\SplitApp-main\server\node_modules\mongoose\lib\helpers\promiseOrCallback.js:31:10)
    at Mongoose._promiseOrCallback (C:\Users\adity\Downloads\Splitapp 2\SplitApp-main\server\node_modules\mongoose\lib\index.js:1220:10)
    at Mongoose.connect (C:\Users\adity\Downloads\Splitapp 2\SplitApp-main\server\node_modules\mongoose\lib\index.js:376:20)
    at Object.<anonymous> (C:\Users\adity\Downloads\Splitapp 2\SplitApp-main\server\model\schema.js:4:10)
    at Module._compile (node:internal/modules/cjs/loader:1256:14)
    at Module._extensions..js (node:internal/modules/cjs/loader:1310:10)
2024-06-11T17:26:29.566Z | ERROR  | URL : /api/expense/v1/group | staus : 400 | message: No expense present for the group
2024-06-11T17:27:00.902Z | ERROR  | URL : /api/users/v1/login | staus : 401 | message: Invalid email Id or Password ! Error: Invalid email Id or Password !
    at exports.userLogin (C:\Users\adity\Downloads\Splitapp 2\SplitApp-main\server\components\user.js:66:23)
    at process.processTicksAndRejections (node:internal/process/task_queues:95:5)
2024-06-11T17:27:07.291Z | ERROR  | URL : /api/users/v1/login | staus : 401 | message: Invalid email Id or Password ! Error: Invalid email Id or Password !
    at exports.userLogin (C:\Users\adity\Downloads\Splitapp 2\SplitApp-main\server\components\user.js:66:23)
    at process.processTicksAndRejections (node:internal/process/task_queues:95:5)
2024-06-11T17:28:06.756Z | ERROR  | URL : /api/users/v1/register | staus : 400 | message: Email Id already present please login!
2024-06-11T17:28:21.152Z | ERROR  | URL : /api/expense/v1/user | staus : 400 | message: No expense present for the user
2024-06-11T17:28:48.094Z | ERROR  | URL : /api/expense/v1/group | staus : 400 | message: No expense present for the group
